<?xml version="1.0" encoding="UTF-8"?>
<testsuite xmlns:xsi="http://www.w3.org/2001/XMLSchema-instance" xsi:noNamespaceSchemaLocation="https://maven.apache.org/surefire/maven-surefire-plugin/xsd/surefire-test-report-3.0.xsd" version="3.0" name="com.supplychainfinance.chaincode.CTTTokenChaincodeTest" time="0.706" tests="14" errors="0" skipped="0" failures="0">
  <properties>
[...]
</properties>
  <testcase name="testQueryAllTokens" classname="com.supplychainfinance.chaincode.CTTTokenChaincodeTest" time="0.329">
    <system-err><![CDATA[Apr 11, 2025 7:00:45 PM com.supplychainfinance.chaincode.CTTTokenChaincode queryAllTokens
INFO: Querying all tokens
Apr 11, 2025 7:00:45 PM com.supplychainfinance.chaincode.CTTTokenChaincode queryAllTokens
INFO: All tokens: [{"amount":100.0,"description":"Test Token","expiryDate":"2023-12-31","issuedDate":"2023-01-01","issuer":"Issuer","owner":"Owner","sourceInvoiceId":"INV-001","state":"ISSUED","tokenId":"CTT"}]
]]></system-err>
  </testcase>
  <testcase name="testBurnCTT_CompleteBurn" classname="com.supplychainfinance.chaincode.CTTTokenChaincodeTest" time="0.027">
    <system-err><![CDATA[Apr 11, 2025 7:00:46 PM com.supplychainfinance.chaincode.CTTTokenChaincode burnCTT
INFO: Burning 100.000000 from token CTT by owner OwnerA
Apr 11, 2025 7:00:46 PM com.supplychainfinance.chaincode.CTTTokenChaincode burnCTT
INFO: Token burned successfully: {"amount":0.0,"description":"Test Token","expiryDate":"2023-12-31","issuedDate":"2023-01-01","issuer":"Issuer","owner":"BLACKHOLE_ADDRESS","sourceInvoiceId":"INV-001","state":"BURNED","tokenId":"CTT"}
]]></system-err>
  </testcase>
  <testcase name="testQueryCTT_Success" classname="com.supplychainfinance.chaincode.CTTTokenChaincodeTest" time="0.024">
    <system-err><![CDATA[Apr 11, 2025 7:00:46 PM com.supplychainfinance.chaincode.CTTTokenChaincode queryCTT
INFO: Querying token with ID: CTT
Apr 11, 2025 7:00:46 PM com.supplychainfinance.chaincode.CTTTokenChaincode queryCTT
INFO: Token found: {"amount":100.0,"description":"Test Token","expiryDate":"2023-12-31","issuedDate":"2023-01-01","issuer":"Issuer","owner":"Owner","sourceInvoiceId":"INV-001","state":"ISSUED","tokenId":"CTT"}
]]></system-err>
  </testcase>
  <testcase name="testInitLedger" classname="com.supplychainfinance.chaincode.CTTTokenChaincodeTest" time="0.017">
    <system-err><![CDATA[Apr 11, 2025 7:00:46 PM com.supplychainfinance.chaincode.CTTTokenChaincode initLedger
INFO: Initializing CTT Token Chaincode
]]></system-err>
  </testcase>
  <testcase name="testTransferCTT_UnauthorizedOwner" classname="com.supplychainfinance.chaincode.CTTTokenChaincodeTest" time="0.017">
    <system-err><![CDATA[Apr 11, 2025 7:00:46 PM com.supplychainfinance.chaincode.CTTTokenChaincode transferCTT
INFO: Transferring token CTT from FakeOwner to NewOwner
Apr 11, 2025 7:00:46 PM com.supplychainfinance.chaincode.CTTTokenChaincode transferCTT
SEVERE: Token CTT is not owned by FakeOwner
]]></system-err>
  </testcase>
  <testcase name="testTransferCTT_Success" classname="com.supplychainfinance.chaincode.CTTTokenChaincodeTest" time="0.015">
    <system-err><![CDATA[Apr 11, 2025 7:00:46 PM com.supplychainfinance.chaincode.CTTTokenChaincode transferCTT
INFO: Transferring token CTT from OwnerA to OwnerB
Apr 11, 2025 7:00:46 PM com.supplychainfinance.chaincode.CTTTokenChaincode transferCTT
INFO: Token transferred successfully: {"amount":100.0,"description":"Test Token","expiryDate":"2023-12-31","issuedDate":"2023-01-01","issuer":"Issuer","owner":"OwnerB","sourceInvoiceId":"INV-001","state":"TRANSFERRED","tokenId":"CTT"}
]]></system-err>
  </testcase>
  <testcase name="testBurnCTT_InsufficientAmount" classname="com.supplychainfinance.chaincode.CTTTokenChaincodeTest" time="0.017">
    <system-err><![CDATA[Apr 11, 2025 7:00:46 PM com.supplychainfinance.chaincode.CTTTokenChaincode burnCTT
INFO: Burning 100.000000 from token CTT by owner OwnerA
Apr 11, 2025 7:00:46 PM com.supplychainfinance.chaincode.CTTTokenChaincode burnCTT
SEVERE: Burn amount 100.000000 exceeds token amount 50.000000
]]></system-err>
  </testcase>
  <testcase name="testQueryTokensByOwner" classname="com.supplychainfinance.chaincode.CTTTokenChaincodeTest" time="0.04">
    <system-err><![CDATA[Apr 11, 2025 7:00:46 PM com.supplychainfinance.chaincode.CTTTokenChaincode queryTokensByOwner
INFO: Querying tokens for owner: Owner
Apr 11, 2025 7:00:46 PM com.supplychainfinance.chaincode.CTTTokenChaincode queryTokensByOwner
INFO: Found tokens: [{"amount":100.0,"description":"Test Token","expiryDate":"2023-12-31","issuedDate":"2023-01-01","issuer":"Issuer","owner":"Owner","sourceInvoiceId":"INV-001","state":"ISSUED","tokenId":"CTT"}]
]]></system-err>
  </testcase>
  <testcase name="testGenCTT_TokenExists" classname="com.supplychainfinance.chaincode.CTTTokenChaincodeTest" time="0.009">
    <system-err><![CDATA[Apr 11, 2025 7:00:46 PM com.supplychainfinance.chaincode.CTTTokenChaincode genCTT
INFO: Generating new CTT token with ID: CTT
Apr 11, 2025 7:00:46 PM com.supplychainfinance.chaincode.CTTTokenChaincode genCTT
SEVERE: Token CTT already exists
]]></system-err>
  </testcase>
  <testcase name="testTransferCTT_TokenNotFound" classname="com.supplychainfinance.chaincode.CTTTokenChaincodeTest" time="0.019">
    <system-err><![CDATA[Apr 11, 2025 7:00:46 PM com.supplychainfinance.chaincode.CTTTokenChaincode transferCTT
INFO: Transferring token CTT from OwnerA to OwnerB
Apr 11, 2025 7:00:46 PM com.supplychainfinance.chaincode.CTTTokenChaincode transferCTT
SEVERE: Token CTT does not exist
]]></system-err>
  </testcase>
  <testcase name="testRedeemCTT_Success" classname="com.supplychainfinance.chaincode.CTTTokenChaincodeTest" time="0.017">
    <system-err><![CDATA[Apr 11, 2025 7:00:46 PM com.supplychainfinance.chaincode.CTTTokenChaincode redeemCTT
INFO: Redeeming token CTT by owner OwnerA
Apr 11, 2025 7:00:46 PM com.supplychainfinance.chaincode.CTTTokenChaincode redeemCTT
INFO: Token redeemed successfully: {"amount":100.0,"description":"Test Token","expiryDate":"2023-12-31","issuedDate":"2023-01-01","issuer":"Issuer","owner":"OwnerA","sourceInvoiceId":"INV-001","state":"REDEEMED","tokenId":"CTT"}
]]></system-err>
  </testcase>
  <testcase name="testGenCTT_Success" classname="com.supplychainfinance.chaincode.CTTTokenChaincodeTest" time="0.024">
    <system-err><![CDATA[Apr 11, 2025 7:00:46 PM com.supplychainfinance.chaincode.CTTTokenChaincode genCTT
INFO: Generating new CTT token with ID: CTT
Apr 11, 2025 7:00:46 PM com.supplychainfinance.chaincode.CTTTokenChaincode genCTT
INFO: Token generated successfully: {"amount":100.0,"description":"Test Token","expiryDate":"2023-12-31","issuedDate":"2023-01-01","issuer":"Issuer","owner":"Owner","sourceInvoiceId":"INV-001","state":"ISSUED","tokenId":"CTT"}
]]></system-err>
  </testcase>
  <testcase name="testBurnCTT_PartialBurn" classname="com.supplychainfinance.chaincode.CTTTokenChaincodeTest" time="0.062">
    <system-err><![CDATA[Apr 11, 2025 7:00:46 PM com.supplychainfinance.chaincode.CTTTokenChaincode burnCTT
INFO: Burning 30.000000 from token CTT by owner OwnerA
Apr 11, 2025 7:00:46 PM com.supplychainfinance.chaincode.CTTTokenChaincode burnCTT
INFO: Token burned successfully: {"amount":70.0,"description":"Test Token","expiryDate":"2023-12-31","issuedDate":"2023-01-01","issuer":"Issuer","owner":"OwnerA","sourceInvoiceId":"INV-001","state":"ISSUED","tokenId":"CTT"}
]]></system-err>
  </testcase>
  <testcase name="testRedeemCTT_AlreadyRedeemed" classname="com.supplychainfinance.chaincode.CTTTokenChaincodeTest" time="0.023">
    <system-err><![CDATA[Apr 11, 2025 7:00:46 PM com.supplychainfinance.chaincode.CTTTokenChaincode redeemCTT
INFO: Redeeming token CTT by owner OwnerA
Apr 11, 2025 7:00:46 PM com.supplychainfinance.chaincode.CTTTokenChaincode redeemCTT
SEVERE: Token CTT has already been redeemed
]]></system-err>
  </testcase>
</testsuite>