<?xml version="1.0" encoding="UTF-8"?>
<testsuite xmlns:xsi="http://www.w3.org/2001/XMLSchema-instance" xsi:noNamespaceSchemaLocation="https://maven.apache.org/surefire/maven-surefire-plugin/xsd/surefire-test-report-3.0.xsd" version="3.0" name="com.supplychainfinance.chaincode.InvoiceProcessorChaincodeTest" time="1.281" tests="9" errors="0" skipped="0" failures="0">
  <properties>
[...]
</properties>
  <testcase name="testPayCTTFromInvoice_TokenTransferFailed" classname="com.supplychainfinance.chaincode.InvoiceProcessorChaincodeTest" time="0.978">
    <system-err><![CDATA[Mar 21, 2025 11:01:56 AM com.supplychainfinance.chaincode.InvoiceProcessorChaincode payCTTFromInvoice
INFO: Processing payment for invoice INV-001 using token CTT-001
Mar 21, 2025 11:01:56 AM com.supplychainfinance.chaincode.InvoiceProcessorChaincode payCTTFromInvoice
SEVERE: CTT token transfer failed: Token transfer error
Mar 21, 2025 11:01:56 AM com.supplychainfinance.chaincode.InvoiceProcessorChaincode payCTTFromInvoice
SEVERE: Failed to process payment: CTT token transfer failed: Token transfer error
]]></system-err>
  </testcase>
  <testcase name="testCreateInvoice_Success" classname="com.supplychainfinance.chaincode.InvoiceProcessorChaincodeTest" time="0.035">
    <system-err><![CDATA[Mar 21, 2025 11:01:56 AM com.supplychainfinance.chaincode.InvoiceProcessorChaincode createInvoice
INFO: Creating new invoice with ID: INV-001
Mar 21, 2025 11:01:56 AM com.supplychainfinance.chaincode.InvoiceProcessorChaincode createInvoice
INFO: Invoice created successfully: {"amount":1000.0,"contractId":"CON-001","description":"Test Invoice","dueDate":"2023-02-01","fromEnterpriseId":"CompanyA","invoiceId":"INV-001","issueDate":"2023-01-01","memo":"Test Invoice","state":"CREATED","status":"CREATED","toEnterpriseId":"CompanyB","tokenId":""}
]]></system-err>
  </testcase>
  <testcase name="testPayCTTFromInvoice_Success" classname="com.supplychainfinance.chaincode.InvoiceProcessorChaincodeTest" time="0.019">
    <system-err><![CDATA[Mar 21, 2025 11:01:56 AM com.supplychainfinance.chaincode.InvoiceProcessorChaincode payCTTFromInvoice
INFO: Processing payment for invoice INV-001 using token CTT-001
Mar 21, 2025 11:01:56 AM com.supplychainfinance.chaincode.InvoiceProcessorChaincode payCTTFromInvoice
INFO: Invoice paid successfully: {"amount":1000.0,"contractId":"CON-001","description":"Test Invoice","dueDate":"2023-02-01","fromEnterpriseId":"CompanyA","invoiceId":"INV-001","issueDate":"2023-01-01","memo":"Test Invoice","state":"PAID","status":"PAID","toEnterpriseId":"CompanyB","tokenId":"CTT-001"}
]]></system-err>
  </testcase>
  <testcase name="testPayCTTFromInvoice_InvoiceNotFound" classname="com.supplychainfinance.chaincode.InvoiceProcessorChaincodeTest" time="0.035">
    <system-err><![CDATA[Mar 21, 2025 11:01:56 AM com.supplychainfinance.chaincode.InvoiceProcessorChaincode payCTTFromInvoice
INFO: Processing payment for invoice INV-001 using token CTT-001
Mar 21, 2025 11:01:56 AM com.supplychainfinance.chaincode.InvoiceProcessorChaincode payCTTFromInvoice
SEVERE: Invoice INV-001 does not exist
]]></system-err>
  </testcase>
  <testcase name="testInitLedger" classname="com.supplychainfinance.chaincode.InvoiceProcessorChaincodeTest" time="0.012">
    <system-err><![CDATA[Mar 21, 2025 11:01:56 AM com.supplychainfinance.chaincode.InvoiceProcessorChaincode initLedger
INFO: Initializing Invoice Processor Chaincode
]]></system-err>
  </testcase>
  <testcase name="testCreateInvoice_AlreadyExists" classname="com.supplychainfinance.chaincode.InvoiceProcessorChaincodeTest" time="0.01">
    <system-err><![CDATA[Mar 21, 2025 11:01:56 AM com.supplychainfinance.chaincode.InvoiceProcessorChaincode createInvoice
INFO: Creating new invoice with ID: INV-001
Mar 21, 2025 11:01:56 AM com.supplychainfinance.chaincode.InvoiceProcessorChaincode createInvoice
SEVERE: Invoice INV-001 already exists
]]></system-err>
  </testcase>
  <testcase name="testQueryInvoice_NotFound" classname="com.supplychainfinance.chaincode.InvoiceProcessorChaincodeTest" time="0.012">
    <system-err><![CDATA[Mar 21, 2025 11:01:56 AM com.supplychainfinance.chaincode.InvoiceProcessorChaincode queryInvoice
INFO: Querying invoice with ID: INV-001
Mar 21, 2025 11:01:56 AM com.supplychainfinance.chaincode.InvoiceProcessorChaincode queryInvoice
INFO: Invoice INV-001 does not exist
]]></system-err>
  </testcase>
  <testcase name="testPayCTTFromInvoice_AlreadyPaid" classname="com.supplychainfinance.chaincode.InvoiceProcessorChaincodeTest" time="0.009">
    <system-err><![CDATA[Mar 21, 2025 11:01:56 AM com.supplychainfinance.chaincode.InvoiceProcessorChaincode payCTTFromInvoice
INFO: Processing payment for invoice INV-001 using token CTT-001
Mar 21, 2025 11:01:56 AM com.supplychainfinance.chaincode.InvoiceProcessorChaincode payCTTFromInvoice
SEVERE: Invoice INV-001 has already been paid
]]></system-err>
  </testcase>
  <testcase name="testQueryInvoice_Success" classname="com.supplychainfinance.chaincode.InvoiceProcessorChaincodeTest" time="0.006">
    <system-err><![CDATA[Mar 21, 2025 11:01:56 AM com.supplychainfinance.chaincode.InvoiceProcessorChaincode queryInvoice
INFO: Querying invoice with ID: INV-001
Mar 21, 2025 11:01:56 AM com.supplychainfinance.chaincode.InvoiceProcessorChaincode queryInvoice
INFO: Invoice found: {"amount":1000.0,"contractId":"CON-001","description":"Test Invoice","dueDate":"2023-02-01","fromEnterpriseId":"CompanyA","invoiceId":"INV-001","issueDate":"2023-01-01","memo":"Test Invoice","state":"CREATED","status":"CREATED","toEnterpriseId":"CompanyB","tokenId":""}
]]></system-err>
  </testcase>
</testsuite>